2026-01-04T20:02:50.497+05:45  INFO 19408 --- [RatingService] [main] c.l.r.RatingServiceApplicationTests      : Starting RatingServiceApplicationTests using Java 21.0.8 with PID 19408 (started by ASUS in D:\Java_Micro_Services\RatingService\RatingService)
2026-01-04T20:02:50.504+05:45  INFO 19408 --- [RatingService] [main] c.l.r.RatingServiceApplicationTests      : No active profile set, falling back to 1 default profile: "default"
2026-01-04T20:02:51.156+05:45  INFO 19408 --- [RatingService] [main] .s.d.r.c.RepositoryConfigurationDelegate : Bootstrapping Spring Data JPA repositories in DEFAULT mode.
2026-01-04T20:02:51.201+05:45  INFO 19408 --- [RatingService] [main] .s.d.r.c.RepositoryConfigurationDelegate : Finished Spring Data repository scanning in 36 ms. Found 1 JPA repository interface.
2026-01-04T20:02:51.657+05:45  INFO 19408 --- [RatingService] [main] o.hibernate.jpa.internal.util.LogHelper  : HHH000204: Processing PersistenceUnitInfo [name: default]
2026-01-04T20:02:51.697+05:45  INFO 19408 --- [RatingService] [main] org.hibernate.Version                    : HHH000412: Hibernate ORM core version 6.4.4.Final
2026-01-04T20:02:51.717+05:45  INFO 19408 --- [RatingService] [main] o.h.c.internal.RegionFactoryInitiator    : HHH000026: Second-level cache disabled
2026-01-04T20:02:51.933+05:45  INFO 19408 --- [RatingService] [main] o.s.o.j.p.SpringPersistenceUnitInfo      : No LoadTimeWeaver setup: ignoring JPA class transformer
2026-01-04T20:02:51.962+05:45  INFO 19408 --- [RatingService] [main] com.zaxxer.hikari.HikariDataSource       : HikariPool-1 - Starting...
2026-01-04T20:02:52.133+05:45  INFO 19408 --- [RatingService] [main] com.zaxxer.hikari.pool.HikariPool        : HikariPool-1 - Added connection com.mysql.cj.jdbc.ConnectionImpl@6f3b13d0
2026-01-04T20:02:52.135+05:45  INFO 19408 --- [RatingService] [main] com.zaxxer.hikari.HikariDataSource       : HikariPool-1 - Start completed.
2026-01-04T20:02:52.175+05:45  WARN 19408 --- [RatingService] [main] org.hibernate.orm.deprecation            : HHH90000025: MySQLDialect does not need to be specified explicitly using 'hibernate.dialect' (remove the property setting and it will be selected by default)
2026-01-04T20:02:52.734+05:45  INFO 19408 --- [RatingService] [main] o.h.e.t.j.p.i.JtaPlatformInitiator       : HHH000489: No JTA platform available (set 'hibernate.transaction.jta.platform' to enable JTA platform integration)
2026-01-04T20:02:52.766+05:45  INFO 19408 --- [RatingService] [main] j.LocalContainerEntityManagerFactoryBean : Initialized JPA EntityManagerFactory for persistence unit 'default'
2026-01-04T20:02:53.354+05:45  WARN 19408 --- [RatingService] [main] JpaBaseConfiguration$JpaWebConfiguration : spring.jpa.open-in-view is enabled by default. Therefore, database queries may be performed during view rendering. Explicitly configure spring.jpa.open-in-view to disable this warning
2026-01-04T20:02:53.756+05:45  INFO 19408 --- [RatingService] [main] c.l.r.RatingServiceApplicationTests      : Started RatingServiceApplicationTests in 3.555 seconds (process running for 4.288)
2026-01-04T20:02:54.301+05:45  INFO 19408 --- [RatingService] [SpringApplicationShutdownHook] j.LocalContainerEntityManagerFactoryBean : Closing JPA EntityManagerFactory for persistence unit 'default'
2026-01-04T20:02:54.303+05:45  INFO 19408 --- [RatingService] [SpringApplicationShutdownHook] com.zaxxer.hikari.HikariDataSource       : HikariPool-1 - Shutdown initiated...
2026-01-04T20:02:54.310+05:45  INFO 19408 --- [RatingService] [SpringApplicationShutdownHook] com.zaxxer.hikari.HikariDataSource       : HikariPool-1 - Shutdown completed.
2026-01-04T20:03:02.375+05:45  INFO 5920 --- [RatingService] [main] c.l.r.RatingServiceApplicationTests      : Starting RatingServiceApplicationTests using Java 21.0.8 with PID 5920 (started by ASUS in D:\Java_Micro_Services\RatingService\RatingService)
2026-01-04T20:03:02.377+05:45  INFO 5920 --- [RatingService] [main] c.l.r.RatingServiceApplicationTests      : No active profile set, falling back to 1 default profile: "default"
2026-01-04T20:03:02.980+05:45  INFO 5920 --- [RatingService] [main] .s.d.r.c.RepositoryConfigurationDelegate : Bootstrapping Spring Data JPA repositories in DEFAULT mode.
2026-01-04T20:03:03.026+05:45  INFO 5920 --- [RatingService] [main] .s.d.r.c.RepositoryConfigurationDelegate : Finished Spring Data repository scanning in 34 ms. Found 1 JPA repository interface.
2026-01-04T20:03:03.429+05:45  INFO 5920 --- [RatingService] [main] o.hibernate.jpa.internal.util.LogHelper  : HHH000204: Processing PersistenceUnitInfo [name: default]
2026-01-04T20:03:03.472+05:45  INFO 5920 --- [RatingService] [main] org.hibernate.Version                    : HHH000412: Hibernate ORM core version 6.4.4.Final
2026-01-04T20:03:03.494+05:45  INFO 5920 --- [RatingService] [main] o.h.c.internal.RegionFactoryInitiator    : HHH000026: Second-level cache disabled
2026-01-04T20:03:03.690+05:45  INFO 5920 --- [RatingService] [main] o.s.o.j.p.SpringPersistenceUnitInfo      : No LoadTimeWeaver setup: ignoring JPA class transformer
2026-01-04T20:03:03.736+05:45  INFO 5920 --- [RatingService] [main] com.zaxxer.hikari.HikariDataSource       : HikariPool-1 - Starting...
2026-01-04T20:03:03.897+05:45  INFO 5920 --- [RatingService] [main] com.zaxxer.hikari.pool.HikariPool        : HikariPool-1 - Added connection com.mysql.cj.jdbc.ConnectionImpl@11148dc2
2026-01-04T20:03:03.898+05:45  INFO 5920 --- [RatingService] [main] com.zaxxer.hikari.HikariDataSource       : HikariPool-1 - Start completed.
2026-01-04T20:03:03.940+05:45  WARN 5920 --- [RatingService] [main] org.hibernate.orm.deprecation            : HHH90000025: MySQLDialect does not need to be specified explicitly using 'hibernate.dialect' (remove the property setting and it will be selected by default)
2026-01-04T20:03:04.462+05:45  INFO 5920 --- [RatingService] [main] o.h.e.t.j.p.i.JtaPlatformInitiator       : HHH000489: No JTA platform available (set 'hibernate.transaction.jta.platform' to enable JTA platform integration)
2026-01-04T20:03:04.496+05:45  INFO 5920 --- [RatingService] [main] j.LocalContainerEntityManagerFactoryBean : Initialized JPA EntityManagerFactory for persistence unit 'default'
2026-01-04T20:03:04.987+05:45  WARN 5920 --- [RatingService] [main] JpaBaseConfiguration$JpaWebConfiguration : spring.jpa.open-in-view is enabled by default. Therefore, database queries may be performed during view rendering. Explicitly configure spring.jpa.open-in-view to disable this warning
2026-01-04T20:03:05.427+05:45  INFO 5920 --- [RatingService] [main] c.l.r.RatingServiceApplicationTests      : Started RatingServiceApplicationTests in 3.33 seconds (process running for 4.048)
2026-01-04T20:03:05.884+05:45  INFO 5920 --- [RatingService] [SpringApplicationShutdownHook] j.LocalContainerEntityManagerFactoryBean : Closing JPA EntityManagerFactory for persistence unit 'default'
2026-01-04T20:03:05.889+05:45  INFO 5920 --- [RatingService] [SpringApplicationShutdownHook] com.zaxxer.hikari.HikariDataSource       : HikariPool-1 - Shutdown initiated...
2026-01-04T20:03:05.899+05:45  INFO 5920 --- [RatingService] [SpringApplicationShutdownHook] com.zaxxer.hikari.HikariDataSource       : HikariPool-1 - Shutdown completed.
