2026-01-03T13:20:44.047+05:45  INFO 7556 --- [HotelService] [main] c.l.hotel.HotelServiceApplicationTests   : Starting HotelServiceApplicationTests using Java 21.0.8 with PID 7556 (started by ASUS in D:\Java_Micro_Services\HotelService\HotelService)
2026-01-03T13:20:44.049+05:45  INFO 7556 --- [HotelService] [main] c.l.hotel.HotelServiceApplicationTests   : No active profile set, falling back to 1 default profile: "default"
2026-01-03T13:20:44.617+05:45  INFO 7556 --- [HotelService] [main] .s.d.r.c.RepositoryConfigurationDelegate : Bootstrapping Spring Data JPA repositories in DEFAULT mode.
2026-01-03T13:20:44.664+05:45  INFO 7556 --- [HotelService] [main] .s.d.r.c.RepositoryConfigurationDelegate : Finished Spring Data repository scanning in 35 ms. Found 1 JPA repository interface.
2026-01-03T13:20:45.008+05:45  INFO 7556 --- [HotelService] [main] org.hibernate.orm.jpa                    : HHH008540: Processing PersistenceUnitInfo [name: default]
2026-01-03T13:20:45.059+05:45  INFO 7556 --- [HotelService] [main] org.hibernate.orm.core                   : HHH000001: Hibernate ORM core version 7.2.0.Final
2026-01-03T13:20:45.530+05:45  INFO 7556 --- [HotelService] [main] o.s.o.j.p.SpringPersistenceUnitInfo      : No LoadTimeWeaver setup: ignoring JPA class transformer
2026-01-03T13:20:45.553+05:45  INFO 7556 --- [HotelService] [main] com.zaxxer.hikari.HikariDataSource       : HikariPool-1 - Starting...
2026-01-03T13:20:45.689+05:45  INFO 7556 --- [HotelService] [main] com.zaxxer.hikari.pool.HikariPool        : HikariPool-1 - Added connection com.mysql.cj.jdbc.ConnectionImpl@dd9de63
2026-01-03T13:20:45.691+05:45  INFO 7556 --- [HotelService] [main] com.zaxxer.hikari.HikariDataSource       : HikariPool-1 - Start completed.
2026-01-03T13:20:45.732+05:45  WARN 7556 --- [HotelService] [main] org.hibernate.orm.deprecation            : HHH90000025: MySQLDialect does not need to be specified explicitly using 'hibernate.dialect' (remove the property setting and it will be selected by default)
2026-01-03T13:20:45.754+05:45  INFO 7556 --- [HotelService] [main] org.hibernate.orm.connections.pooling    : HHH10001005: Database info:
	Database JDBC URL [jdbc:mysql://localhost:3306/microservices?useSSL=false&serverTimezone=UTC]
	Database driver: MySQL Connector/J
	Database dialect: MySQLDialect
	Database version: 8.0.37
	Default catalog/schema: microservices/undefined
	Autocommit mode: undefined/unknown
	Isolation level: REPEATABLE_READ [default REPEATABLE_READ]
	JDBC fetch size: none
	Pool: DataSourceConnectionProvider
	Minimum pool size: undefined/unknown
	Maximum pool size: undefined/unknown
2026-01-03T13:20:46.388+05:45  INFO 7556 --- [HotelService] [main] org.hibernate.orm.core                   : HHH000489: No JTA platform available (set 'hibernate.transaction.jta.platform' to enable JTA platform integration)
2026-01-03T13:20:46.443+05:45  INFO 7556 --- [HotelService] [main] j.LocalContainerEntityManagerFactoryBean : Initialized JPA EntityManagerFactory for persistence unit 'default'
2026-01-03T13:20:46.556+05:45  INFO 7556 --- [HotelService] [main] o.s.d.j.r.query.QueryEnhancerFactories   : Hibernate is in classpath; If applicable, HQL parser will be used.
2026-01-03T13:20:46.799+05:45  WARN 7556 --- [HotelService] [main] JpaBaseConfiguration$JpaWebConfiguration : spring.jpa.open-in-view is enabled by default. Therefore, database queries may be performed during view rendering. Explicitly configure spring.jpa.open-in-view to disable this warning
2026-01-03T13:20:47.208+05:45  INFO 7556 --- [HotelService] [main] c.l.hotel.HotelServiceApplicationTests   : Started HotelServiceApplicationTests in 3.456 seconds (process running for 4.477)
2026-01-03T13:20:47.660+05:45  INFO 7556 --- [HotelService] [SpringApplicationShutdownHook] j.LocalContainerEntityManagerFactoryBean : Closing JPA EntityManagerFactory for persistence unit 'default'
2026-01-03T13:20:47.663+05:45  INFO 7556 --- [HotelService] [SpringApplicationShutdownHook] com.zaxxer.hikari.HikariDataSource       : HikariPool-1 - Shutdown initiated...
2026-01-03T13:20:47.672+05:45  INFO 7556 --- [HotelService] [SpringApplicationShutdownHook] com.zaxxer.hikari.HikariDataSource       : HikariPool-1 - Shutdown completed.
2026-01-03T16:02:13.669+05:45  INFO 640 --- [HotelService] [main] c.l.hotel.HotelServiceApplicationTests   : Starting HotelServiceApplicationTests using Java 21.0.8 with PID 640 (started by ASUS in D:\Java_Micro_Services\HotelService\HotelService)
2026-01-03T16:02:13.671+05:45  INFO 640 --- [HotelService] [main] c.l.hotel.HotelServiceApplicationTests   : No active profile set, falling back to 1 default profile: "default"
2026-01-03T16:02:14.399+05:45  INFO 640 --- [HotelService] [main] .s.d.r.c.RepositoryConfigurationDelegate : Bootstrapping Spring Data JPA repositories in DEFAULT mode.
2026-01-03T16:02:14.447+05:45  INFO 640 --- [HotelService] [main] .s.d.r.c.RepositoryConfigurationDelegate : Finished Spring Data repository scanning in 40 ms. Found 1 JPA repository interface.
2026-01-03T16:02:14.805+05:45  INFO 640 --- [HotelService] [main] org.hibernate.orm.jpa                    : HHH008540: Processing PersistenceUnitInfo [name: default]
2026-01-03T16:02:14.868+05:45  INFO 640 --- [HotelService] [main] org.hibernate.orm.core                   : HHH000001: Hibernate ORM core version 7.2.0.Final
2026-01-03T16:02:15.389+05:45  INFO 640 --- [HotelService] [main] o.s.o.j.p.SpringPersistenceUnitInfo      : No LoadTimeWeaver setup: ignoring JPA class transformer
2026-01-03T16:02:15.416+05:45  INFO 640 --- [HotelService] [main] com.zaxxer.hikari.HikariDataSource       : HikariPool-1 - Starting...
2026-01-03T16:02:15.618+05:45  INFO 640 --- [HotelService] [main] com.zaxxer.hikari.pool.HikariPool        : HikariPool-1 - Added connection com.mysql.cj.jdbc.ConnectionImpl@44d84313
2026-01-03T16:02:15.619+05:45  INFO 640 --- [HotelService] [main] com.zaxxer.hikari.HikariDataSource       : HikariPool-1 - Start completed.
2026-01-03T16:02:15.689+05:45  WARN 640 --- [HotelService] [main] org.hibernate.orm.deprecation            : HHH90000025: MySQLDialect does not need to be specified explicitly using 'hibernate.dialect' (remove the property setting and it will be selected by default)
2026-01-03T16:02:15.706+05:45  INFO 640 --- [HotelService] [main] org.hibernate.orm.connections.pooling    : HHH10001005: Database info:
	Database JDBC URL [jdbc:mysql://localhost:3306/microservices?useSSL=false&serverTimezone=UTC]
	Database driver: MySQL Connector/J
	Database dialect: MySQLDialect
	Database version: 8.0.37
	Default catalog/schema: microservices/undefined
	Autocommit mode: undefined/unknown
	Isolation level: REPEATABLE_READ [default REPEATABLE_READ]
	JDBC fetch size: none
	Pool: DataSourceConnectionProvider
	Minimum pool size: undefined/unknown
	Maximum pool size: undefined/unknown
2026-01-03T16:02:16.378+05:45  INFO 640 --- [HotelService] [main] org.hibernate.orm.core                   : HHH000489: No JTA platform available (set 'hibernate.transaction.jta.platform' to enable JTA platform integration)
2026-01-03T16:02:16.450+05:45  INFO 640 --- [HotelService] [main] j.LocalContainerEntityManagerFactoryBean : Initialized JPA EntityManagerFactory for persistence unit 'default'
2026-01-03T16:02:16.539+05:45  INFO 640 --- [HotelService] [main] o.s.d.j.r.query.QueryEnhancerFactories   : Hibernate is in classpath; If applicable, HQL parser will be used.
2026-01-03T16:02:16.690+05:45  WARN 640 --- [HotelService] [main] JpaBaseConfiguration$JpaWebConfiguration : spring.jpa.open-in-view is enabled by default. Therefore, database queries may be performed during view rendering. Explicitly configure spring.jpa.open-in-view to disable this warning
2026-01-03T16:02:17.092+05:45  INFO 640 --- [HotelService] [main] c.l.hotel.HotelServiceApplicationTests   : Started HotelServiceApplicationTests in 3.743 seconds (process running for 4.845)
2026-01-03T16:02:17.450+05:45  INFO 640 --- [HotelService] [SpringApplicationShutdownHook] j.LocalContainerEntityManagerFactoryBean : Closing JPA EntityManagerFactory for persistence unit 'default'
2026-01-03T16:02:17.453+05:45  INFO 640 --- [HotelService] [SpringApplicationShutdownHook] com.zaxxer.hikari.HikariDataSource       : HikariPool-1 - Shutdown initiated...
2026-01-03T16:02:17.464+05:45  INFO 640 --- [HotelService] [SpringApplicationShutdownHook] com.zaxxer.hikari.HikariDataSource       : HikariPool-1 - Shutdown completed.
