2026-01-04T19:42:46.356+05:45  INFO 4516 --- [HotelService] [main] com.lcwd.hotel.HotelServiceApplication   : Starting HotelServiceApplication using Java 21.0.8 with PID 4516 (D:\Java_Micro_Services\HotelService\HotelService\target\classes started by ASUS in D:\Java_Micro_Services\UserService\UserService)
2026-01-04T19:42:46.363+05:45  INFO 4516 --- [HotelService] [main] com.lcwd.hotel.HotelServiceApplication   : No active profile set, falling back to 1 default profile: "default"
2026-01-04T19:42:46.974+05:45  INFO 4516 --- [HotelService] [main] .s.d.r.c.RepositoryConfigurationDelegate : Bootstrapping Spring Data JPA repositories in DEFAULT mode.
2026-01-04T19:42:47.031+05:45  INFO 4516 --- [HotelService] [main] .s.d.r.c.RepositoryConfigurationDelegate : Finished Spring Data repository scanning in 45 ms. Found 1 JPA repository interface.
2026-01-04T19:42:47.552+05:45  INFO 4516 --- [HotelService] [main] o.s.boot.tomcat.TomcatWebServer          : Tomcat initialized with port 8082 (http)
2026-01-04T19:42:47.573+05:45  INFO 4516 --- [HotelService] [main] o.apache.catalina.core.StandardService   : Starting service [Tomcat]
2026-01-04T19:42:47.574+05:45  INFO 4516 --- [HotelService] [main] o.apache.catalina.core.StandardEngine    : Starting Servlet engine: [Apache Tomcat/11.0.15]
2026-01-04T19:42:47.642+05:45  INFO 4516 --- [HotelService] [main] b.w.c.s.WebApplicationContextInitializer : Root WebApplicationContext: initialization completed in 1226 ms
2026-01-04T19:42:47.902+05:45  INFO 4516 --- [HotelService] [main] org.hibernate.orm.jpa                    : HHH008540: Processing PersistenceUnitInfo [name: default]
2026-01-04T19:42:47.970+05:45  INFO 4516 --- [HotelService] [main] org.hibernate.orm.core                   : HHH000001: Hibernate ORM core version 7.2.0.Final
2026-01-04T19:42:48.488+05:45  INFO 4516 --- [HotelService] [main] o.s.o.j.p.SpringPersistenceUnitInfo      : No LoadTimeWeaver setup: ignoring JPA class transformer
2026-01-04T19:42:48.536+05:45  INFO 4516 --- [HotelService] [main] com.zaxxer.hikari.HikariDataSource       : HikariPool-1 - Starting...
2026-01-04T19:42:48.681+05:45  INFO 4516 --- [HotelService] [main] com.zaxxer.hikari.pool.HikariPool        : HikariPool-1 - Added connection com.mysql.cj.jdbc.ConnectionImpl@846b47
2026-01-04T19:42:48.683+05:45  INFO 4516 --- [HotelService] [main] com.zaxxer.hikari.HikariDataSource       : HikariPool-1 - Start completed.
2026-01-04T19:42:48.726+05:45  WARN 4516 --- [HotelService] [main] org.hibernate.orm.deprecation            : HHH90000025: MySQLDialect does not need to be specified explicitly using 'hibernate.dialect' (remove the property setting and it will be selected by default)
2026-01-04T19:42:48.742+05:45  INFO 4516 --- [HotelService] [main] org.hibernate.orm.connections.pooling    : HHH10001005: Database info:
	Database JDBC URL [jdbc:mysql://localhost:3306/microservices?useSSL=false&serverTimezone=UTC]
	Database driver: MySQL Connector/J
	Database dialect: MySQLDialect
	Database version: 8.0.37
	Default catalog/schema: microservices/undefined
	Autocommit mode: undefined/unknown
	Isolation level: REPEATABLE_READ [default REPEATABLE_READ]
	JDBC fetch size: none
	Pool: DataSourceConnectionProvider
	Minimum pool size: undefined/unknown
	Maximum pool size: undefined/unknown
2026-01-04T19:42:49.344+05:45  INFO 4516 --- [HotelService] [main] org.hibernate.orm.core                   : HHH000489: No JTA platform available (set 'hibernate.transaction.jta.platform' to enable JTA platform integration)
2026-01-04T19:42:49.399+05:45  INFO 4516 --- [HotelService] [main] j.LocalContainerEntityManagerFactoryBean : Initialized JPA EntityManagerFactory for persistence unit 'default'
2026-01-04T19:42:49.496+05:45  INFO 4516 --- [HotelService] [main] o.s.d.j.r.query.QueryEnhancerFactories   : Hibernate is in classpath; If applicable, HQL parser will be used.
2026-01-04T19:42:49.604+05:45  WARN 4516 --- [HotelService] [main] JpaBaseConfiguration$JpaWebConfiguration : spring.jpa.open-in-view is enabled by default. Therefore, database queries may be performed during view rendering. Explicitly configure spring.jpa.open-in-view to disable this warning
2026-01-04T19:42:49.893+05:45  INFO 4516 --- [HotelService] [main] o.s.boot.tomcat.TomcatWebServer          : Tomcat started on port 8082 (http) with context path '/'
2026-01-04T19:42:49.899+05:45  INFO 4516 --- [HotelService] [main] com.lcwd.hotel.HotelServiceApplication   : Started HotelServiceApplication in 4.027 seconds (process running for 4.417)
2026-01-04T19:42:52.860+05:45  INFO 4516 --- [HotelService] [SpringApplicationShutdownHook] o.s.boot.tomcat.GracefulShutdown         : Commencing graceful shutdown. Waiting for active requests to complete
2026-01-04T19:42:52.865+05:45  INFO 4516 --- [HotelService] [tomcat-shutdown] o.s.boot.tomcat.GracefulShutdown         : Graceful shutdown complete
2026-01-04T19:42:52.867+05:45  INFO 4516 --- [HotelService] [SpringApplicationShutdownHook] j.LocalContainerEntityManagerFactoryBean : Closing JPA EntityManagerFactory for persistence unit 'default'
2026-01-04T19:42:52.869+05:45  INFO 4516 --- [HotelService] [SpringApplicationShutdownHook] com.zaxxer.hikari.HikariDataSource       : HikariPool-1 - Shutdown initiated...
2026-01-04T19:42:52.874+05:45  INFO 4516 --- [HotelService] [SpringApplicationShutdownHook] com.zaxxer.hikari.HikariDataSource       : HikariPool-1 - Shutdown completed.
